<?xml version="1.0" encoding="UTF-8"?>
<testng-results ignored="0" total="1" passed="1" failed="0" skipped="0">
  <reporter-output>
    <line>
      <![CDATA[user not logged in]]>
    </line>
  </reporter-output>
  <suite started-at="2024-02-22T11:57:26 IST" name="Default suite" finished-at="2024-02-22T11:57:55 IST" duration-ms="28766">
    <groups>
    </groups>
    <test started-at="2024-02-22T11:57:26 IST" name="Default test" finished-at="2024-02-22T11:57:55 IST" duration-ms="28766">
      <class name="com.DemowebShop1TestScript.addToCartTest">
        <test-method is-config="true" signature="browserSetup(java.lang.reflect.Method)[pri:0, instance:com.DemowebShop1TestScript.addToCartTest@5c6648b0]" started-at="2024-02-22T11:57:27 IST" name="browserSetup" finished-at="2024-02-22T11:57:32 IST" duration-ms="5611" status="PASS">
          <params>
            <param index="0">
              <value>
                <![CDATA[public void com.DemowebShop1TestScript.addToCartTest.TC_ShoppingCart_001(java.lang.String,java.lang.String)]]>
              </value>
            </param>
          </params>
          <reporter-output>
          </reporter-output>
        </test-method> <!-- browserSetup -->
        <test-method signature="TC_ShoppingCart_001(java.lang.String,java.lang.String)[pri:0, instance:com.DemowebShop1TestScript.addToCartTest@5c6648b0]" started-at="2024-02-22T11:57:32 IST" name="TC_ShoppingCart_001" data-provider="addToCartData" finished-at="2024-02-22T11:57:54 IST" duration-ms="22298" status="PASS">
          <params>
            <param index="0">
              <value>
                <![CDATA[pramodkore@gmail.com]]>
              </value>
            </param>
            <param index="1">
              <value>
                <![CDATA[password@123]]>
              </value>
            </param>
          </params>
          <reporter-output>
            <line>
              <![CDATA[user not logged in]]>
            </line>
          </reporter-output>
        </test-method> <!-- TC_ShoppingCart_001 -->
        <test-method is-config="true" signature="browserTearDown()[pri:0, instance:com.DemowebShop1TestScript.addToCartTest@5c6648b0]" started-at="2024-02-22T11:57:54 IST" name="browserTearDown" finished-at="2024-02-22T11:57:55 IST" duration-ms="207" status="PASS">
          <reporter-output>
          </reporter-output>
        </test-method> <!-- browserTearDown -->
      </class> <!-- com.DemowebShop1TestScript.addToCartTest -->
    </test> <!-- Default test -->
  </suite> <!-- Default suite -->
</testng-results>
